<?xml version="1.0" encoding="UTF-8"?>
<testng-results skipped="0" failed="0" ignored="0" total="2" passed="2">
  <reporter-output>
  </reporter-output>
  <suite name="Default suite" duration-ms="66060" started-at="2019-08-30T18:46:38Z" finished-at="2019-08-30T18:47:44Z">
    <groups>
    </groups>
    <test name="Default test" duration-ms="66060" started-at="2019-08-30T18:46:38Z" finished-at="2019-08-30T18:47:44Z">
      <class name="com.xc.test.SalesforceLogin">
        <test-method status="PASS" signature="setup()[pri:0, instance:com.xc.test.SalesforceLogin@4abdb505]" name="setup" duration-ms="33038" started-at="2019-08-30T18:46:38Z" finished-at="2019-08-30T18:47:11Z">
          <reporter-output>
          </reporter-output>
        </test-method> <!-- setup -->
        <test-method status="PASS" signature="setup()[pri:0, instance:com.xc.test.SalesforceLogin@4abdb505]" name="setup" duration-ms="32988" started-at="2019-08-30T18:47:11Z" finished-at="2019-08-30T18:47:44Z">
          <reporter-output>
          </reporter-output>
        </test-method> <!-- setup -->
      </class> <!-- com.xc.test.SalesforceLogin -->
    </test> <!-- Default test -->
  </suite> <!-- Default suite -->
</testng-results>
